Using pre-set license
Built from '2021.3/staging' branch; Version is '2021.3.22f1 (b6c551784ba3) revision 11978065'; Using compiler version '192829333'; Build Type 'Release'
OS: 'Windows 11  (10.0.22621) 64bit Professional' Language: 'pt' Physical Memory: 32561 MB
BatchMode: 1, IsHumanControllingUs: 0, StartBugReporterOnCrash: 0, Is64bit: 1, IsPro: 1

COMMAND LINE ARGUMENTS:
C:\Program Files\Unity\Hub\Editor\2021.3.22f1\Editor\Unity.exe
-adb2
-batchMode
-noUpm
-name
AssetImportWorker0
-projectPath
D:/Projects/unity/apocalipse-zumbi-alura
-logFile
Logs/AssetImportWorker0.log
-srvPort
55271
Successfully changed project path to: D:/Projects/unity/apocalipse-zumbi-alura
D:/Projects/unity/apocalipse-zumbi-alura
[UnityMemory] Configuration Parameters - Can be set up in boot.config
    "memorysetup-bucket-allocator-granularity=16"
    "memorysetup-bucket-allocator-bucket-count=8"
    "memorysetup-bucket-allocator-block-size=33554432"
    "memorysetup-bucket-allocator-block-count=8"
    "memorysetup-main-allocator-block-size=16777216"
    "memorysetup-thread-allocator-block-size=16777216"
    "memorysetup-gfx-main-allocator-block-size=16777216"
    "memorysetup-gfx-thread-allocator-block-size=16777216"
    "memorysetup-cache-allocator-block-size=4194304"
    "memorysetup-typetree-allocator-block-size=2097152"
    "memorysetup-profiler-bucket-allocator-granularity=16"
    "memorysetup-profiler-bucket-allocator-bucket-count=8"
    "memorysetup-profiler-bucket-allocator-block-size=33554432"
    "memorysetup-profiler-bucket-allocator-block-count=8"
    "memorysetup-profiler-allocator-block-size=16777216"
    "memorysetup-profiler-editor-allocator-block-size=1048576"
    "memorysetup-temp-allocator-size-main=16777216"
    "memorysetup-job-temp-allocator-block-size=2097152"
    "memorysetup-job-temp-allocator-block-size-background=1048576"
    "memorysetup-job-temp-allocator-reduction-small-platforms=262144"
    "memorysetup-temp-allocator-size-background-worker=32768"
    "memorysetup-temp-allocator-size-job-worker=262144"
    "memorysetup-temp-allocator-size-preload-manager=33554432"
    "memorysetup-temp-allocator-size-nav-mesh-worker=65536"
    "memorysetup-temp-allocator-size-audio-worker=65536"
    "memorysetup-temp-allocator-size-cloud-worker=32768"
    "memorysetup-temp-allocator-size-gi-baking-worker=262144"
    "memorysetup-temp-allocator-size-gfx=262144"
Player connection [20168] Host "[IP] 192.168.1.13 [Port] 0 [Flags] 2 [Guid] 3461281791 [EditorId] 3461281791 [Version] 1048832 [Id] WindowsEditor(7,Leandro-PC) [Debug] 1 [PackageName] WindowsEditor [ProjectName] Editor" joined multi-casting on [225.0.0.222:54997]...

Player connection [20168] Host "[IP] 192.168.1.13 [Port] 0 [Flags] 2 [Guid] 3461281791 [EditorId] 3461281791 [Version] 1048832 [Id] WindowsEditor(7,Leandro-PC) [Debug] 1 [PackageName] WindowsEditor [ProjectName] Editor" joined alternative multi-casting on [225.0.0.222:34997]...

Refreshing native plugins compatible for Editor in 61.50 ms, found 3 plugins.
Preloading 0 native plugins for Editor in 0.00 ms.
Initialize engine version: 2021.3.22f1 (b6c551784ba3)
[Subsystems] Discovering subsystems at path C:/Program Files/Unity/Hub/Editor/2021.3.22f1/Editor/Data/Resources/UnitySubsystems
[Subsystems] Discovering subsystems at path D:/Projects/unity/apocalipse-zumbi-alura/Assets
GfxDevice: creating device client; threaded=0; jobified=0
Direct3D:
    Version:  Direct3D 11.0 [level 11.1]
    Renderer: NVIDIA GeForce RTX 3060 Ti (ID=0x2489)
    Vendor:   NVIDIA
    VRAM:     8038 MB
    Driver:   31.0.15.3667
Initialize mono
Mono path[0] = 'C:/Program Files/Unity/Hub/Editor/2021.3.22f1/Editor/Data/Managed'
Mono path[1] = 'C:/Program Files/Unity/Hub/Editor/2021.3.22f1/Editor/Data/MonoBleedingEdge/lib/mono/unityjit-win32'
Mono config path = 'C:/Program Files/Unity/Hub/Editor/2021.3.22f1/Editor/Data/MonoBleedingEdge/etc'
Using monoOptions --debugger-agent=transport=dt_socket,embedding=1,server=y,suspend=n,address=127.0.0.1:56708
Begin MonoManager ReloadAssembly
Registering precompiled unity dll's ...
Register platform support module: C:/Program Files/Unity/Hub/Editor/2021.3.22f1/Editor/Data/PlaybackEngines/WindowsStandaloneSupport/UnityEditor.WindowsStandalone.Extensions.dll
Registered in 0.004797 seconds.
Native extension for WindowsStandalone target not found
Refreshing native plugins compatible for Editor in 66.61 ms, found 3 plugins.
Preloading 0 native plugins for Editor in 0.00 ms.
Mono: successfully reloaded assembly
- Completed reload, in  0.601 seconds
Domain Reload Profiling:
	ReloadAssembly (602ms)
		BeginReloadAssembly (83ms)
			ExecutionOrderSort (0ms)
			DisableScriptedObjects (0ms)
			BackupInstance (0ms)
			ReleaseScriptingObjects (0ms)
			CreateAndSetChildDomain (1ms)
		EndReloadAssembly (413ms)
			LoadAssemblies (81ms)
			RebuildTransferFunctionScriptingTraits (0ms)
			SetupTypeCache (103ms)
			ReleaseScriptCaches (0ms)
			RebuildScriptCaches (25ms)
			SetupLoadedEditorAssemblies (234ms)
				LogAssemblyErrors (0ms)
				InitializePlatformSupportModulesInManaged (7ms)
				SetLoadedEditorAssemblies (0ms)
				RefreshPlugins (67ms)
				BeforeProcessingInitializeOnLoad (1ms)
				ProcessInitializeOnLoadAttributes (113ms)
				ProcessInitializeOnLoadMethodAttributes (45ms)
				AfterProcessingInitializeOnLoad (0ms)
				EditorAssembliesLoaded (0ms)
			ExecutionOrderSort2 (0ms)
			AwakeInstancesAfterBackupRestoration (0ms)
Platform modules already initialized, skipping
Registering precompiled user dll's ...
Registered in 0.002840 seconds.
Begin MonoManager ReloadAssembly
Symbol file LoadedFromMemory doesn't match image D:\Projects\unity\apocalipse-zumbi-alura\Library\PackageCache\com.unity.visualscripting@1.8.0\Editor\VisualScripting.Core\Dependencies\YamlDotNet\Unity.VisualScripting.YamlDotNet.dll
Symbol file LoadedFromMemory doesn't match image D:\Projects\unity\apocalipse-zumbi-alura\Library\PackageCache\com.unity.visualscripting@1.8.0\Editor\VisualScripting.Core\Dependencies\DotNetZip\Unity.VisualScripting.IonicZip.dll
Native extension for WindowsStandalone target not found
Refreshing native plugins compatible for Editor in 0.60 ms, found 3 plugins.
Preloading 0 native plugins for Editor in 0.00 ms.
Mono: successfully reloaded assembly
- Completed reload, in  0.863 seconds
Domain Reload Profiling:
	ReloadAssembly (864ms)
		BeginReloadAssembly (111ms)
			ExecutionOrderSort (0ms)
			DisableScriptedObjects (5ms)
			BackupInstance (0ms)
			ReleaseScriptingObjects (0ms)
			CreateAndSetChildDomain (19ms)
		EndReloadAssembly (652ms)
			LoadAssemblies (75ms)
			RebuildTransferFunctionScriptingTraits (0ms)
			SetupTypeCache (201ms)
			ReleaseScriptCaches (1ms)
			RebuildScriptCaches (49ms)
			SetupLoadedEditorAssemblies (304ms)
				LogAssemblyErrors (0ms)
				InitializePlatformSupportModulesInManaged (5ms)
				SetLoadedEditorAssemblies (0ms)
				RefreshPlugins (1ms)
				BeforeProcessingInitializeOnLoad (66ms)
				ProcessInitializeOnLoadAttributes (204ms)
				ProcessInitializeOnLoadMethodAttributes (21ms)
				AfterProcessingInitializeOnLoad (7ms)
				EditorAssembliesLoaded (0ms)
			ExecutionOrderSort2 (0ms)
			AwakeInstancesAfterBackupRestoration (6ms)
Platform modules already initialized, skipping
========================================================================
Worker process is ready to serve import requests
Launched and connected shader compiler UnityShaderCompiler.exe after 0.04 seconds
Refreshing native plugins compatible for Editor in 0.69 ms, found 3 plugins.
Preloading 0 native plugins for Editor in 0.00 ms.
Unloading 2921 Unused Serialized files (Serialized files now loaded: 0)
Unloading 21 unused Assets / (56.1 KB). Loaded Objects now: 3384.
Memory consumption went from 102.9 MB to 102.8 MB.
Total: 2.898400 ms (FindLiveObjects: 0.280700 ms CreateObjectMapping: 0.074700 ms MarkObjects: 2.434700 ms  DeleteObjects: 0.105900 ms)

AssetImportParameters requested are different than current active one (requested -> active):
  custom:video-decoder-ogg-theora: a1e56fd34408186e4bbccfd4996cb3dc -> 
  custom:container-muxer-webm: aa71ff27fc2769a1b78a27578f13a17b -> 
  custom:container-demuxer-webm: 4f35f7cbe854078d1ac9338744f61a02 -> 
  custom:video-encoder-webm-vp8: eb34c28f22e8b96e1ab97ce403110664 -> 
  custom:video-codec-MediaFoundation-h265: 746d11721c4dcdbdad8f713fa42b33f4 -> 
  custom:audio-encoder-webm-vorbis: bf7c407c2cedff20999df2af8eb42d56 -> 
  custom:framework-win-MediaFoundation: 216162199b28c13a410421893ffa2e32 -> 
  custom:container-demuxer-ogg: 62fdf1f143b41e24485cea50d1cbac27 -> 
  custom:video-decoder-webm-vp8: 9c59270c3fd7afecdb556c50c9e8de78 -> 
  custom:audio-decoder-ogg-vorbis: bf7c407c2cedff20999df2af8eb42d56 -> 
========================================================================
Received Prepare
Registering precompiled user dll's ...
Registered in 0.003019 seconds.
Begin MonoManager ReloadAssembly
Symbol file LoadedFromMemory doesn't match image D:\Projects\unity\apocalipse-zumbi-alura\Library\PackageCache\com.unity.visualscripting@1.8.0\Editor\VisualScripting.Core\Dependencies\YamlDotNet\Unity.VisualScripting.YamlDotNet.dll
Symbol file LoadedFromMemory doesn't match image D:\Projects\unity\apocalipse-zumbi-alura\Library\PackageCache\com.unity.visualscripting@1.8.0\Editor\VisualScripting.Core\Dependencies\DotNetZip\Unity.VisualScripting.IonicZip.dll
Native extension for WindowsStandalone target not found
Refreshing native plugins compatible for Editor in 0.76 ms, found 3 plugins.
Preloading 0 native plugins for Editor in 0.00 ms.
Mono: successfully reloaded assembly
- Completed reload, in  0.897 seconds
Domain Reload Profiling:
	ReloadAssembly (898ms)
		BeginReloadAssembly (127ms)
			ExecutionOrderSort (0ms)
			DisableScriptedObjects (5ms)
			BackupInstance (0ms)
			ReleaseScriptingObjects (0ms)
			CreateAndSetChildDomain (32ms)
		EndReloadAssembly (681ms)
			LoadAssemblies (82ms)
			RebuildTransferFunctionScriptingTraits (0ms)
			SetupTypeCache (232ms)
			ReleaseScriptCaches (2ms)
			RebuildScriptCaches (48ms)
			SetupLoadedEditorAssemblies (272ms)
				LogAssemblyErrors (0ms)
				InitializePlatformSupportModulesInManaged (6ms)
				SetLoadedEditorAssemblies (1ms)
				RefreshPlugins (1ms)
				BeforeProcessingInitializeOnLoad (57ms)
				ProcessInitializeOnLoadAttributes (180ms)
				ProcessInitializeOnLoadMethodAttributes (20ms)
				AfterProcessingInitializeOnLoad (8ms)
				EditorAssembliesLoaded (0ms)
			ExecutionOrderSort2 (0ms)
			AwakeInstancesAfterBackupRestoration (8ms)
Platform modules already initialized, skipping
Refreshing native plugins compatible for Editor in 1.42 ms, found 3 plugins.
Preloading 0 native plugins for Editor in 0.00 ms.
Unloading 2915 Unused Serialized files (Serialized files now loaded: 0)
Unloading 14 unused Assets / (24.6 KB). Loaded Objects now: 3387.
Memory consumption went from 102.7 MB to 102.6 MB.
Total: 2.671700 ms (FindLiveObjects: 0.272100 ms CreateObjectMapping: 0.084900 ms MarkObjects: 2.286200 ms  DeleteObjects: 0.026900 ms)

AssetImportParameters requested are different than current active one (requested -> active):
  custom:video-decoder-ogg-theora: a1e56fd34408186e4bbccfd4996cb3dc -> 
  custom:container-muxer-webm: aa71ff27fc2769a1b78a27578f13a17b -> 
  custom:container-demuxer-webm: 4f35f7cbe854078d1ac9338744f61a02 -> 
  custom:video-encoder-webm-vp8: eb34c28f22e8b96e1ab97ce403110664 -> 
  custom:video-codec-MediaFoundation-h265: 746d11721c4dcdbdad8f713fa42b33f4 -> 
  custom:audio-encoder-webm-vorbis: bf7c407c2cedff20999df2af8eb42d56 -> 
  custom:framework-win-MediaFoundation: 216162199b28c13a410421893ffa2e32 -> 
  custom:container-demuxer-ogg: 62fdf1f143b41e24485cea50d1cbac27 -> 
  custom:video-decoder-webm-vp8: 9c59270c3fd7afecdb556c50c9e8de78 -> 
  custom:audio-decoder-ogg-vorbis: bf7c407c2cedff20999df2af8eb42d56 -> 
========================================================================
Received Import Request.
  Time since last request: 3464.346455 seconds.
  path: Assets/ControlaInimigo.cs
  artifactKey: Guid(29e5300490322c6408ffde9b6756db3a) Importer(815301076,1909f56bfc062723c751e8b465ee728b)
Start importing Assets/ControlaInimigo.cs using Guid(29e5300490322c6408ffde9b6756db3a) Importer(815301076,1909f56bfc062723c751e8b465ee728b)  -> (artifact id: 'd5b3e188a63a11cc93f1f7c594f2632c') in 0.019843 seconds 
========================================================================
Received Import Request.
  Time since last request: 108.145290 seconds.
  path: Assets/ControlaInimigo.cs
  artifactKey: Guid(29e5300490322c6408ffde9b6756db3a) Importer(815301076,1909f56bfc062723c751e8b465ee728b)
Start importing Assets/ControlaInimigo.cs using Guid(29e5300490322c6408ffde9b6756db3a) Importer(815301076,1909f56bfc062723c751e8b465ee728b)  -> (artifact id: 'e26033b4410dbcfec86290ed07303809') in 0.001711 seconds 
========================================================================
Received Import Request.
  Time since last request: 101.996422 seconds.
  path: Assets/ControlaJogador.cs
  artifactKey: Guid(0f4897dd2cc934a4faf1e8752d59c76c) Importer(815301076,1909f56bfc062723c751e8b465ee728b)
Start importing Assets/ControlaJogador.cs using Guid(0f4897dd2cc934a4faf1e8752d59c76c) Importer(815301076,1909f56bfc062723c751e8b465ee728b)  -> (artifact id: '52c70e5dedd99ebf0f08a0199bb597d9') in 0.001809 seconds 
========================================================================
Received Import Request.
  Time since last request: 20.317356 seconds.
  path: Assets/Bala.cs
  artifactKey: Guid(99ab80243b1302f4fa5de64ba90928c4) Importer(815301076,1909f56bfc062723c751e8b465ee728b)
Start importing Assets/Bala.cs using Guid(99ab80243b1302f4fa5de64ba90928c4) Importer(815301076,1909f56bfc062723c751e8b465ee728b)  -> (artifact id: 'c964881309b3aacce9775aeae1dfed29') in 0.001698 seconds 
========================================================================
Received Import Request.
  Time since last request: 14.592983 seconds.
  path: Assets/CanoDaArma.cs
  artifactKey: Guid(8c29e78a799705f48bdef5a5dbe61a0f) Importer(815301076,1909f56bfc062723c751e8b465ee728b)
Start importing Assets/CanoDaArma.cs using Guid(8c29e78a799705f48bdef5a5dbe61a0f) Importer(815301076,1909f56bfc062723c751e8b465ee728b)  -> (artifact id: '946ab9be58a3f3fd446e05409841320b') in 0.001723 seconds 
========================================================================
Received Import Request.
  Time since last request: 6.033825 seconds.
  path: Assets/ControlaCamera.cs
  artifactKey: Guid(caed4852252893f48982ac1a421f62ba) Importer(815301076,1909f56bfc062723c751e8b465ee728b)
Start importing Assets/ControlaCamera.cs using Guid(caed4852252893f48982ac1a421f62ba) Importer(815301076,1909f56bfc062723c751e8b465ee728b)  -> (artifact id: 'cb2858636f5ce5335d375eb0aa38936e') in 0.001858 seconds 
========================================================================
Received Import Request.
  Time since last request: 127.875178 seconds.
  path: Assets/ControlaJogador.cs
  artifactKey: Guid(0f4897dd2cc934a4faf1e8752d59c76c) Importer(815301076,1909f56bfc062723c751e8b465ee728b)
Start importing Assets/ControlaJogador.cs using Guid(0f4897dd2cc934a4faf1e8752d59c76c) Importer(815301076,1909f56bfc062723c751e8b465ee728b)  -> (artifact id: '9c52475e269e0c310ac7926c7da1e4d9') in 0.001785 seconds 
========================================================================
Received Import Request.
  Time since last request: 275.626511 seconds.
  path: Assets/ControlaInimigo.cs
  artifactKey: Guid(29e5300490322c6408ffde9b6756db3a) Importer(815301076,1909f56bfc062723c751e8b465ee728b)
Start importing Assets/ControlaInimigo.cs using Guid(29e5300490322c6408ffde9b6756db3a) Importer(815301076,1909f56bfc062723c751e8b465ee728b)  -> (artifact id: '9646c2d531b60347f34c60128075c3cc') in 0.001307 seconds 
========================================================================
Received Import Request.
  Time since last request: 108.512645 seconds.
  path: Assets/ControlaInimigo.cs
  artifactKey: Guid(29e5300490322c6408ffde9b6756db3a) Importer(815301076,1909f56bfc062723c751e8b465ee728b)
Start importing Assets/ControlaInimigo.cs using Guid(29e5300490322c6408ffde9b6756db3a) Importer(815301076,1909f56bfc062723c751e8b465ee728b)  -> (artifact id: '5f1f5101d5020cc03a6bab4aa3ea2137') in 0.001738 seconds 
========================================================================
Received Import Request.
  Time since last request: 23.823528 seconds.
  path: Assets/ControlaInimigo.cs
  artifactKey: Guid(29e5300490322c6408ffde9b6756db3a) Importer(815301076,1909f56bfc062723c751e8b465ee728b)
Start importing Assets/ControlaInimigo.cs using Guid(29e5300490322c6408ffde9b6756db3a) Importer(815301076,1909f56bfc062723c751e8b465ee728b)  -> (artifact id: '0e7b9210419bd7d74f4eec9b14c7be49') in 0.064083 seconds 
========================================================================
Received Import Request.
  Time since last request: 60.176504 seconds.
  path: Assets/ControlaInimigo.cs
  artifactKey: Guid(29e5300490322c6408ffde9b6756db3a) Importer(815301076,1909f56bfc062723c751e8b465ee728b)
Start importing Assets/ControlaInimigo.cs using Guid(29e5300490322c6408ffde9b6756db3a) Importer(815301076,1909f56bfc062723c751e8b465ee728b)  -> (artifact id: '1e121840a20b36ce64aec9a5c2886830') in 0.002096 seconds 
========================================================================
Received Import Request.
  Time since last request: 25.469798 seconds.
  path: Assets/ControlaInimigo.cs
  artifactKey: Guid(29e5300490322c6408ffde9b6756db3a) Importer(815301076,1909f56bfc062723c751e8b465ee728b)
Start importing Assets/ControlaInimigo.cs using Guid(29e5300490322c6408ffde9b6756db3a) Importer(815301076,1909f56bfc062723c751e8b465ee728b)  -> (artifact id: '0f372aa28218073c26e2b4f75ecf2faf') in 0.001628 seconds 
========================================================================
Received Import Request.
  Time since last request: 28.141480 seconds.
  path: Assets/ControlaInimigo.cs
  artifactKey: Guid(29e5300490322c6408ffde9b6756db3a) Importer(815301076,1909f56bfc062723c751e8b465ee728b)
Start importing Assets/ControlaInimigo.cs using Guid(29e5300490322c6408ffde9b6756db3a) Importer(815301076,1909f56bfc062723c751e8b465ee728b)  -> (artifact id: 'c4929fd863475eed736cc2940d775940') in 0.054735 seconds 
========================================================================
Received Import Request.
  Time since last request: 117.789522 seconds.
  path: Assets/Materiais
  artifactKey: Guid(2b8d1d230191d481caf34af5c92e586f) Importer(815301076,1909f56bfc062723c751e8b465ee728b)
Start importing Assets/Materiais using Guid(2b8d1d230191d481caf34af5c92e586f) Importer(815301076,1909f56bfc062723c751e8b465ee728b)  -> (artifact id: '200ea67b8feddd25f5d131ac49dc7a2e') in 0.002430 seconds 
========================================================================
Received Import Request.
  Time since last request: 3.328192 seconds.
  path: Assets/Modelos3D/Armas
  artifactKey: Guid(4de2b0df8af024354a533be4af55bd87) Importer(815301076,1909f56bfc062723c751e8b465ee728b)
Start importing Assets/Modelos3D/Armas using Guid(4de2b0df8af024354a533be4af55bd87) Importer(815301076,1909f56bfc062723c751e8b465ee728b)  -> (artifact id: 'c205bcf7f47cdd172887e86614993768') in 0.001854 seconds 
========================================================================
Received Import Request.
  Time since last request: 86.584898 seconds.
  path: Assets/Materiais/Corpos
  artifactKey: Guid(80c12df8edeae4d67aaaddbe543822d3) Importer(815301076,1909f56bfc062723c751e8b465ee728b)
Start importing Assets/Materiais/Corpos using Guid(80c12df8edeae4d67aaaddbe543822d3) Importer(815301076,1909f56bfc062723c751e8b465ee728b)  -> (artifact id: '2ddc1a56eee653648aa838dc079fa628') in 0.001662 seconds 
========================================================================
Received Import Request.
  Time since last request: 0.504850 seconds.
  path: Assets/Materiais/Personagens
  artifactKey: Guid(5aedfe0915c5b450391e416219308211) Importer(815301076,1909f56bfc062723c751e8b465ee728b)
Start importing Assets/Materiais/Personagens using Guid(5aedfe0915c5b450391e416219308211) Importer(815301076,1909f56bfc062723c751e8b465ee728b)  -> (artifact id: '163c4c310e1e0467472c8c8dc5661fb3') in 0.001696 seconds 
========================================================================
Received Import Request.
  Time since last request: 139.894147 seconds.
  path: Assets/Modelos3D/Personagens/Animacoes/Jogador.controller
  artifactKey: Guid(1afb49e73c245a148a9f65089af88078) Importer(815301076,1909f56bfc062723c751e8b465ee728b)
Start importing Assets/Modelos3D/Personagens/Animacoes/Jogador.controller using Guid(1afb49e73c245a148a9f65089af88078) Importer(815301076,1909f56bfc062723c751e8b465ee728b)  -> (artifact id: '34b537ed031e64e93fc7026097a1d75a') in 0.016059 seconds 
========================================================================
Received Import Request.
  Time since last request: 98.254499 seconds.
  path: Assets/Modelos3D/Personagens/Animacoes/New Avatar Mask.mask
  artifactKey: Guid(a28a2f7443807844f9ef77e4f477ed60) Importer(815301076,1909f56bfc062723c751e8b465ee728b)
Start importing Assets/Modelos3D/Personagens/Animacoes/New Avatar Mask.mask using Guid(a28a2f7443807844f9ef77e4f477ed60) Importer(815301076,1909f56bfc062723c751e8b465ee728b)  -> (artifact id: '71d99f233f09e093e64e299d8f066f52') in 0.004634 seconds 
========================================================================
Received Import Request.
  Time since last request: 10.170322 seconds.
  path: Assets/Modelos3D/Personagens/Animacoes/TiroMascara.mask
  artifactKey: Guid(a28a2f7443807844f9ef77e4f477ed60) Importer(815301076,1909f56bfc062723c751e8b465ee728b)
Start importing Assets/Modelos3D/Personagens/Animacoes/TiroMascara.mask using Guid(a28a2f7443807844f9ef77e4f477ed60) Importer(815301076,1909f56bfc062723c751e8b465ee728b)  -> (artifact id: 'ace572cb2eb160218f787ae070c6e77f') in 0.002719 seconds 
========================================================================
Received Import Request.
  Time since last request: 343.534578 seconds.
  path: Assets/ControlaArma.cs
  artifactKey: Guid(e69ad841531899e4ba8b8a5994d7cebf) Importer(815301076,1909f56bfc062723c751e8b465ee728b)
Start importing Assets/ControlaArma.cs using Guid(e69ad841531899e4ba8b8a5994d7cebf) Importer(815301076,1909f56bfc062723c751e8b465ee728b)  -> (artifact id: '56c6819b7b6c6c26038ac72bc5bfd5fe') in 0.002043 seconds 
========================================================================
Received Import Request.
  Time since last request: 293.794299 seconds.
  path: Assets/ControlaArma.cs
  artifactKey: Guid(e69ad841531899e4ba8b8a5994d7cebf) Importer(815301076,1909f56bfc062723c751e8b465ee728b)
Start importing Assets/ControlaArma.cs using Guid(e69ad841531899e4ba8b8a5994d7cebf) Importer(815301076,1909f56bfc062723c751e8b465ee728b)  -> (artifact id: 'b5bae60f80f641bd459c89515f90e710') in 0.001287 seconds 
